<?xml version="1.0" encoding="UTF-8"?>
<!-- Generated by org.testng.reporters.JUnitReportReporter -->
<testsuite hostname="Sarens-MacBook-Pro.local" failures="0" tests="1" name="makemytrip.testmakemytrip" time="212.379" errors="0" timestamp="2023-06-22T17:53:51 IST" skipped="0">
  <testcase classname="makemytrip.testmakemytrip" name="test1" time="212.379"/>
  <system-out/>
</testsuite> <!-- makemytrip.testmakemytrip -->
